<?xml version="1.0" encoding="UTF-8"?>
<!-- Generated by org.testng.reporters.JUnitReportReporter -->
<testsuite skipped="0" hostname="Vishwa" name="Live_Demo.PIM" tests="2" failures="0" timestamp="26 May 2017 20:56:22 GMT" time="29.512" errors="0">
  <testcase name="Delete_Employee" time="12.228" classname="Live_Demo.PIM"/>
  <testcase name="Add_Eployee" time="17.284" classname="Live_Demo.PIM"/>
</testsuite> <!-- Live_Demo.PIM -->
