<?xml version="1.0" encoding="UTF-8"?>
<!-- Generated by org.testng.reporters.JUnitReportReporter -->
<testsuite skipped="0" hostname="Vishwa" name="Live_Demo.Driver" tests="1" failures="0" timestamp="26 May 2017 20:06:24 GMT" time="16.724" errors="0">
  <testcase name="AddEmp" time="16.724" classname="Live_Demo.Driver"/>
</testsuite> <!-- Live_Demo.Driver -->
