<?xml version="1.0" encoding="UTF-8"?>
<!-- Generated by org.testng.reporters.JUnitReportReporter -->
<testsuite skipped="0" hostname="Vishwa" name="Live_Demo.Login_Page" tests="1" failures="0" timestamp="26 May 2017 20:06:24 GMT" time="14.377" errors="0">
  <testcase name="AddEmp" time="14.377" classname="Live_Demo.Login_Page"/>
</testsuite> <!-- Live_Demo.Login_Page -->
