<?xml version="1.0" encoding="UTF-8"?>
<!-- Generated by org.testng.reporters.JUnitReportReporter -->
<testsuite skipped="0" hostname="DESKTOP-BJ8N9PE" name="Live_Demo.PIM" tests="2" failures="0" timestamp="15 Sep 2018 19:42:56 GMT" time="34.421" errors="0">
  <testcase name="Delete_Employee" time="15.929" classname="Live_Demo.PIM"/>
  <testcase name="Add_Eployee" time="18.492" classname="Live_Demo.PIM"/>
</testsuite> <!-- Live_Demo.PIM -->
